<?xml version="1.0" encoding="UTF-8"?>
<!-- Generated by org.testng.reporters.JUnitReportReporter -->
<testsuite hostname="DESKTOP-UM2MPT8" failures="0" tests="6" name="TestScenarios.LoginPageTest" time="16.933" errors="0" timestamp="2023-09-15T15:50:09 IST" skipped="0">
  <testcase classname="TestScenarios.LoginPageTest" name="LoginPageUITest" time="2.048"/>
  <system-out/>
  <testcase classname="TestScenarios.LoginPageTest" name="SubmissionWithEmptyInput" time="2.307"/>
  <system-out/>
  <testcase classname="TestScenarios.LoginPageTest" name="SubmissionWithEmptyUserId" time="2.433"/>
  <system-out/>
  <testcase classname="TestScenarios.LoginPageTest" name="SubmissionWithEmptyPIN" time="2.408"/>
  <system-out/>
  <testcase classname="TestScenarios.LoginPageTest" name="SubmissionWithInvalidPin" time="2.655"/>
  <system-out/>
  <testcase classname="TestScenarios.LoginPageTest" name="SubmissionWithValidInput" time="5.082"/>
  <system-out/>
</testsuite> <!-- TestScenarios.LoginPageTest -->
