<?xml version="1.0" encoding="UTF-8"?>
<!-- Generated by org.testng.reporters.JUnitReportReporter -->
<testsuite hostname="DESKTOP-UM2MPT8" failures="0" tests="2" name="TestScenarios.HomePageTest" time="5.942" errors="0" timestamp="2023-09-15T15:50:09 IST" skipped="0">
  <testcase classname="TestScenarios.HomePageTest" name="HomePageUI" time="3.064"/>
  <system-out/>
  <testcase classname="TestScenarios.HomePageTest" name="LogoutFunctionality" time="2.878"/>
  <system-out/>
</testsuite> <!-- TestScenarios.HomePageTest -->
